{
    "meta": {
        "format": 3,
        "version": "7.15.0",
        "timestamp": "2026-07-10T21:41:54.053661",
        "branch_coverage": true,
        "show_contexts": false
    },
    "files": {
        "src\\nks\\__init__.py": {
            "executed_lines": [
                3
            ],
            "summary": {
                "covered_lines": 1,
                "num_statements": 1,
                "percent_covered": 100.0,
                "percent_covered_display": "100.0",
                "missing_lines": 0,
                "excluded_lines": 0,
                "percent_statements_covered": 100.0,
                "percent_statements_covered_display": "100.0",
                "num_branches": 0,
                "num_partial_branches": 0,
                "covered_branches": 0,
                "missing_branches": 0,
                "percent_branches_covered": 100.0,
                "percent_branches_covered_display": "100.0"
            },
            "missing_lines": [],
            "excluded_lines": [],
            "executed_branches": [],
            "missing_branches": [],
            "functions": {
                "": {
                    "executed_lines": [
                        3
                    ],
                    "summary": {
                        "covered_lines": 1,
                        "num_statements": 1,
                        "percent_covered": 100.0,
                        "percent_covered_display": "100.0",
                        "missing_lines": 0,
                        "excluded_lines": 0,
                        "percent_statements_covered": 100.0,
                        "percent_statements_covered_display": "100.0",
                        "num_branches": 0,
                        "num_partial_branches": 0,
                        "covered_branches": 0,
                        "missing_branches": 0,
                        "percent_branches_covered": 100.0,
                        "percent_branches_covered_display": "100.0"
                    },
                    "missing_lines": [],
                    "excluded_lines": [],
                    "start_line": 1,
                    "executed_branches": [],
                    "missing_branches": []
                }
            },
            "classes": {
                "": {
                    "executed_lines": [
                        3
                    ],
                    "summary": {
                        "covered_lines": 1,
                        "num_statements": 1,
                        "percent_covered": 100.0,
                        "percent_covered_display": "100.0",
                        "missing_lines": 0,
                        "excluded_lines": 0,
                        "percent_statements_covered": 100.0,
                        "percent_statements_covered_display": "100.0",
                        "num_branches": 0,
                        "num_partial_branches": 0,
                        "covered_branches": 0,
                        "missing_branches": 0,
                        "percent_branches_covered": 100.0,
                        "percent_branches_covered_display": "100.0"
                    },
                    "missing_lines": [],
                    "excluded_lines": [],
                    "start_line": 1,
                    "executed_branches": [],
                    "missing_branches": []
                }
            }
        },
        "src\\nks\\adapters\\filesystem.py": {
            "executed_lines": [
                3,
                5,
                6,
                7,
                9,
                11,
                14,
                15,
                16,
                17,
                18,
                20,
                21,
                22,
                24,
                25,
                26,
                28,
                30,
                31,
                32,
                33,
                34,
                35,
                36,
                38,
                45,
                46,
                47,
                48,
                50,
                51,
                52,
                53,
                54,
                55,
                57,
                58,
                59,
                60
            ],
            "summary": {
                "covered_lines": 40,
                "num_statements": 42,
                "percent_covered": 94.0,
                "percent_covered_display": "94.0",
                "missing_lines": 2,
                "excluded_lines": 0,
                "percent_statements_covered": 95.23809523809524,
                "percent_statements_covered_display": "95.2",
                "num_branches": 8,
                "num_partial_branches": 1,
                "covered_branches": 7,
                "missing_branches": 1,
                "percent_branches_covered": 87.5,
                "percent_branches_covered_display": "87.5"
            },
            "missing_lines": [
                27,
                39
            ],
            "excluded_lines": [],
            "executed_branches": [
                [
                    26,
                    28
                ],
                [
                    33,
                    34
                ],
                [
                    33,
                    35
                ],
                [
                    52,
                    53
                ],
                [
                    52,
                    54
                ],
                [
                    58,
                    59
                ],
                [
                    58,
                    60
                ]
            ],
            "missing_branches": [
                [
                    26,
                    27
                ]
            ],
            "functions": {
                "JsonRecordRepository.__init__": {
                    "executed_lines": [
                        16,
                        17,
                        18
                    ],
                    "summary": {
                        "covered_lines": 3,
                        "num_statements": 3,
                        "percent_covered": 100.0,
                        "percent_covered_display": "100.0",
                        "missing_lines": 0,
                        "excluded_lines": 0,
                        "percent_statements_covered": 100.0,
                        "percent_statements_covered_display": "100.0",
                        "num_branches": 0,
                        "num_partial_branches": 0,
                        "covered_branches": 0,
                        "missing_branches": 0,
                        "percent_branches_covered": 100.0,
                        "percent_branches_covered_display": "100.0"
                    },
                    "missing_lines": [],
                    "excluded_lines": [],
                    "start_line": 15,
                    "executed_branches": [],
                    "missing_branches": []
                },
                "JsonRecordRepository._path": {
                    "executed_lines": [
                        21,
                        22
                    ],
                    "summary": {
                        "covered_lines": 2,
                        "num_statements": 2,
                        "percent_covered": 100.0,
                        "percent_covered_display": "100.0",
                        "missing_lines": 0,
                        "excluded_lines": 0,
                        "percent_statements_covered": 100.0,
                        "percent_statements_covered_display": "100.0",
                        "num_branches": 0,
                        "num_partial_branches": 0,
                        "covered_branches": 0,
                        "missing_branches": 0,
                        "percent_branches_covered": 100.0,
                        "percent_branches_covered_display": "100.0"
                    },
                    "missing_lines": [],
                    "excluded_lines": [],
                    "start_line": 20,
                    "executed_branches": [],
                    "missing_branches": []
                },
                "JsonRecordRepository.get": {
                    "executed_lines": [
                        25,
                        26,
                        28
                    ],
                    "summary": {
                        "covered_lines": 3,
                        "num_statements": 4,
                        "percent_covered": 66.66666666666667,
                        "percent_covered_display": "66.7",
                        "missing_lines": 1,
                        "excluded_lines": 0,
                        "percent_statements_covered": 75.0,
                        "percent_statements_covered_display": "75.0",
                        "num_branches": 2,
                        "num_partial_branches": 1,
                        "covered_branches": 1,
                        "missing_branches": 1,
                        "percent_branches_covered": 50.0,
                        "percent_branches_covered_display": "50.0"
                    },
                    "missing_lines": [
                        27
                    ],
                    "excluded_lines": [],
                    "start_line": 24,
                    "executed_branches": [
                        [
                            26,
                            28
                        ]
                    ],
                    "missing_branches": [
                        [
                            26,
                            27
                        ]
                    ]
                },
                "JsonRecordRepository.save": {
                    "executed_lines": [
                        31,
                        32,
                        33,
                        34,
                        35,
                        36
                    ],
                    "summary": {
                        "covered_lines": 6,
                        "num_statements": 6,
                        "percent_covered": 100.0,
                        "percent_covered_display": "100.0",
                        "missing_lines": 0,
                        "excluded_lines": 0,
                        "percent_statements_covered": 100.0,
                        "percent_statements_covered_display": "100.0",
                        "num_branches": 2,
                        "num_partial_branches": 0,
                        "covered_branches": 2,
                        "missing_branches": 0,
                        "percent_branches_covered": 100.0,
                        "percent_branches_covered_display": "100.0"
                    },
                    "missing_lines": [],
                    "excluded_lines": [],
                    "start_line": 30,
                    "executed_branches": [
                        [
                            33,
                            34
                        ],
                        [
                            33,
                            35
                        ]
                    ],
                    "missing_branches": []
                },
                "JsonRecordRepository.list": {
                    "executed_lines": [],
                    "summary": {
                        "covered_lines": 0,
                        "num_statements": 1,
                        "percent_covered": 0.0,
                        "percent_covered_display": "0.0",
                        "missing_lines": 1,
                        "excluded_lines": 0,
                        "percent_statements_covered": 0.0,
                        "percent_statements_covered_display": "0.0",
                        "num_branches": 0,
                        "num_partial_branches": 0,
                        "covered_branches": 0,
                        "missing_branches": 0,
                        "percent_branches_covered": 100.0,
                        "percent_branches_covered_display": "100.0"
                    },
                    "missing_lines": [
                        39
                    ],
                    "excluded_lines": [],
                    "start_line": 38,
                    "executed_branches": [],
                    "missing_branches": []
                },
                "JsonEventRepository.__init__": {
                    "executed_lines": [
                        47,
                        48
                    ],
                    "summary": {
                        "covered_lines": 2,
                        "num_statements": 2,
                        "percent_covered": 100.0,
                        "percent_covered_display": "100.0",
                        "missing_lines": 0,
                        "excluded_lines": 0,
                        "percent_statements_covered": 100.0,
                        "percent_statements_covered_display": "100.0",
                        "num_branches": 0,
                        "num_partial_branches": 0,
                        "covered_branches": 0,
                        "missing_branches": 0,
                        "percent_branches_covered": 100.0,
                        "percent_branches_covered_display": "100.0"
                    },
                    "missing_lines": [],
                    "excluded_lines": [],
                    "start_line": 46,
                    "executed_branches": [],
                    "missing_branches": []
                },
                "JsonEventRepository.append": {
                    "executed_lines": [
                        51,
                        52,
                        53,
                        54,
                        55
                    ],
                    "summary": {
                        "covered_lines": 5,
                        "num_statements": 5,
                        "percent_covered": 100.0,
                        "percent_covered_display": "100.0",
                        "missing_lines": 0,
                        "excluded_lines": 0,
                        "percent_statements_covered": 100.0,
                        "percent_statements_covered_display": "100.0",
                        "num_branches": 2,
                        "num_partial_branches": 0,
                        "covered_branches": 2,
                        "missing_branches": 0,
                        "percent_branches_covered": 100.0,
                        "percent_branches_covered_display": "100.0"
                    },
                    "missing_lines": [],
                    "excluded_lines": [],
                    "start_line": 50,
                    "executed_branches": [
                        [
                            52,
                            53
                        ],
                        [
                            52,
                            54
                        ]
                    ],
                    "missing_branches": []
                },
                "JsonEventRepository.list": {
                    "executed_lines": [
                        58,
                        59,
                        60
                    ],
                    "summary": {
                        "covered_lines": 3,
                        "num_statements": 3,
                        "percent_covered": 100.0,
                        "percent_covered_display": "100.0",
                        "missing_lines": 0,
                        "excluded_lines": 0,
                        "percent_statements_covered": 100.0,
                        "percent_statements_covered_display": "100.0",
                        "num_branches": 2,
                        "num_partial_branches": 0,
                        "covered_branches": 2,
                        "missing_branches": 0,
                        "percent_branches_covered": 100.0,
                        "percent_branches_covered_display": "100.0"
                    },
                    "missing_lines": [],
                    "excluded_lines": [],
                    "start_line": 57,
                    "executed_branches": [
                        [
                            58,
                            59
                        ],
                        [
                            58,
                            60
                        ]
                    ],
                    "missing_branches": []
                },
                "": {
                    "executed_lines": [
                        3,
                        5,
                        6,
                        7,
                        9,
                        11,
                        14,
                        15,
                        20,
                        24,
                        30,
                        38,
                        45,
                        46,
                        50,
                        57
                    ],
                    "summary": {
                        "covered_lines": 16,
                        "num_statements": 16,
                        "percent_covered": 100.0,
                        "percent_covered_display": "100.0",
                        "missing_lines": 0,
                        "excluded_lines": 0,
                        "percent_statements_covered": 100.0,
                        "percent_statements_covered_display": "100.0",
                        "num_branches": 0,
                        "num_partial_branches": 0,
                        "covered_branches": 0,
                        "missing_branches": 0,
                        "percent_branches_covered": 100.0,
                        "percent_branches_covered_display": "100.0"
                    },
                    "missing_lines": [],
                    "excluded_lines": [],
                    "start_line": 1,
                    "executed_branches": [],
                    "missing_branches": []
                }
            },
            "classes": {
                "JsonRecordRepository": {
                    "executed_lines": [
                        16,
                        17,
                        18,
                        21,
                        22,
                        25,
                        26,
                        28,
                        31,
                        32,
                        33,
                        34,
                        35,
                        36
                    ],
                    "summary": {
                        "covered_lines": 14,
                        "num_statements": 16,
                        "percent_covered": 85.0,
                        "percent_covered_display": "85.0",
                        "missing_lines": 2,
                        "excluded_lines": 0,
                        "percent_statements_covered": 87.5,
                        "percent_statements_covered_display": "87.5",
                        "num_branches": 4,
                        "num_partial_branches": 1,
                        "covered_branches": 3,
                        "missing_branches": 1,
                        "percent_branches_covered": 75.0,
                        "percent_branches_covered_display": "75.0"
                    },
                    "missing_lines": [
                        27,
                        39
                    ],
                    "excluded_lines": [],
                    "start_line": 14,
                    "executed_branches": [
                        [
                            26,
                            28
                        ],
                        [
                            33,
                            34
                        ],
                        [
                            33,
                            35
                        ]
                    ],
                    "missing_branches": [
                        [
                            26,
                            27
                        ]
                    ]
                },
                "JsonEventRepository": {
                    "executed_lines": [
                        47,
                        48,
                        51,
                        52,
                        53,
                        54,
                        55,
                        58,
                        59,
                        60
                    ],
                    "summary": {
                        "covered_lines": 10,
                        "num_statements": 10,
                        "percent_covered": 100.0,
                        "percent_covered_display": "100.0",
                        "missing_lines": 0,
                        "excluded_lines": 0,
                        "percent_statements_covered": 100.0,
                        "percent_statements_covered_display": "100.0",
                        "num_branches": 4,
                        "num_partial_branches": 0,
                        "covered_branches": 4,
                        "missing_branches": 0,
                        "percent_branches_covered": 100.0,
                        "percent_branches_covered_display": "100.0"
                    },
                    "missing_lines": [],
                    "excluded_lines": [],
                    "start_line": 45,
                    "executed_branches": [
                        [
                            52,
                            53
                        ],
                        [
                            52,
                            54
                        ],
                        [
                            58,
                            59
                        ],
                        [
                            58,
                            60
                        ]
                    ],
                    "missing_branches": []
                },
                "": {
                    "executed_lines": [
                        3,
                        5,
                        6,
                        7,
                        9,
                        11,
                        14,
                        15,
                        20,
                        24,
                        30,
                        38,
                        45,
                        46,
                        50,
                        57
                    ],
                    "summary": {
                        "covered_lines": 16,
                        "num_statements": 16,
                        "percent_covered": 100.0,
                        "percent_covered_display": "100.0",
                        "missing_lines": 0,
                        "excluded_lines": 0,
                        "percent_statements_covered": 100.0,
                        "percent_statements_covered_display": "100.0",
                        "num_branches": 0,
                        "num_partial_branches": 0,
                        "covered_branches": 0,
                        "missing_branches": 0,
                        "percent_branches_covered": 100.0,
                        "percent_branches_covered_display": "100.0"
                    },
                    "missing_lines": [],
                    "excluded_lines": [],
                    "start_line": 1,
                    "executed_branches": [],
                    "missing_branches": []
                }
            }
        },
        "src\\nks\\adapters\\github.py": {
            "executed_lines": [
                3,
                5,
                7,
                9,
                12,
                19,
                21,
                23,
                26,
                27,
                33,
                34,
                35,
                37,
                38,
                39,
                41,
                42,
                43,
                45,
                47,
                48,
                49,
                50,
                51,
                52,
                57,
                59,
                60,
                61,
                62,
                63,
                65,
                66,
                67,
                68,
                71,
                79,
                80,
                81,
                83,
                84,
                85,
                87,
                88,
                89,
                90,
                91,
                92,
                93,
                94,
                95,
                101,
                102,
                103,
                104,
                106,
                107,
                108,
                109
            ],
            "summary": {
                "covered_lines": 60,
                "num_statements": 63,
                "percent_covered": 87.64044943820225,
                "percent_covered_display": "87.6",
                "missing_lines": 3,
                "excluded_lines": 0,
                "percent_statements_covered": 95.23809523809524,
                "percent_statements_covered_display": "95.2",
                "num_branches": 26,
                "num_partial_branches": 8,
                "covered_branches": 18,
                "missing_branches": 8,
                "percent_branches_covered": 69.23076923076923,
                "percent_branches_covered_display": "69.2"
            },
            "missing_lines": [
                44,
                64,
                105
            ],
            "excluded_lines": [],
            "executed_branches": [
                [
                    19,
                    21
                ],
                [
                    21,
                    23
                ],
                [
                    23,
                    -12
                ],
                [
                    43,
                    45
                ],
                [
                    50,
                    51
                ],
                [
                    50,
                    52
                ],
                [
                    62,
                    63
                ],
                [
                    62,
                    68
                ],
                [
                    63,
                    65
                ],
                [
                    66,
                    67
                ],
                [
                    91,
                    92
                ],
                [
                    91,
                    93
                ],
                [
                    93,
                    94
                ],
                [
                    93,
                    95
                ],
                [
                    103,
                    104
                ],
                [
                    103,
                    109
                ],
                [
                    104,
                    106
                ],
                [
                    107,
                    108
                ]
            ],
            "missing_branches": [
                [
                    19,
                    -19
                ],
                [
                    21,
                    -21
                ],
                [
                    23,
                    -23
                ],
                [
                    43,
                    44
                ],
                [
                    63,
                    64
                ],
                [
                    66,
                    62
                ],
                [
                    104,
                    105
                ],
                [
                    107,
                    103
                ]
            ],
            "functions": {
                "GitHubContentClient.read_text": {
                    "executed_lines": [
                        19
                    ],
                    "summary": {
                        "covered_lines": 1,
                        "num_statements": 1,
                        "percent_covered": 66.66666666666667,
                        "percent_covered_display": "66.7",
                        "missing_lines": 0,
                        "excluded_lines": 0,
                        "percent_statements_covered": 100.0,
                        "percent_statements_covered_display": "100.0",
                        "num_branches": 2,
                        "num_partial_branches": 1,
                        "covered_branches": 1,
                        "missing_branches": 1,
                        "percent_branches_covered": 50.0,
                        "percent_branches_covered_display": "50.0"
                    },
                    "missing_lines": [],
                    "excluded_lines": [],
                    "start_line": 19,
                    "executed_branches": [
                        [
                            19,
                            21
                        ]
                    ],
                    "missing_branches": [
                        [
                            19,
                            -19
                        ]
                    ]
                },
                "GitHubContentClient.write_text": {
                    "executed_lines": [
                        21
                    ],
                    "summary": {
                        "covered_lines": 1,
                        "num_statements": 1,
                        "percent_covered": 66.66666666666667,
                        "percent_covered_display": "66.7",
                        "missing_lines": 0,
                        "excluded_lines": 0,
                        "percent_statements_covered": 100.0,
                        "percent_statements_covered_display": "100.0",
                        "num_branches": 2,
                        "num_partial_branches": 1,
                        "covered_branches": 1,
                        "missing_branches": 1,
                        "percent_branches_covered": 50.0,
                        "percent_branches_covered_display": "50.0"
                    },
                    "missing_lines": [],
                    "excluded_lines": [],
                    "start_line": 21,
                    "executed_branches": [
                        [
                            21,
                            23
                        ]
                    ],
                    "missing_branches": [
                        [
                            21,
                            -21
                        ]
                    ]
                },
                "GitHubContentClient.list_paths": {
                    "executed_lines": [
                        23
                    ],
                    "summary": {
                        "covered_lines": 1,
                        "num_statements": 1,
                        "percent_covered": 66.66666666666667,
                        "percent_covered_display": "66.7",
                        "missing_lines": 0,
                        "excluded_lines": 0,
                        "percent_statements_covered": 100.0,
                        "percent_statements_covered_display": "100.0",
                        "num_branches": 2,
                        "num_partial_branches": 1,
                        "covered_branches": 1,
                        "missing_branches": 1,
                        "percent_branches_covered": 50.0,
                        "percent_branches_covered_display": "50.0"
                    },
                    "missing_lines": [],
                    "excluded_lines": [],
                    "start_line": 23,
                    "executed_branches": [
                        [
                            23,
                            -12
                        ]
                    ],
                    "missing_branches": [
                        [
                            23,
                            -23
                        ]
                    ]
                },
                "GitHubRecordRepository.__init__": {
                    "executed_lines": [
                        33,
                        34,
                        35
                    ],
                    "summary": {
                        "covered_lines": 3,
                        "num_statements": 3,
                        "percent_covered": 100.0,
                        "percent_covered_display": "100.0",
                        "missing_lines": 0,
                        "excluded_lines": 0,
                        "percent_statements_covered": 100.0,
                        "percent_statements_covered_display": "100.0",
                        "num_branches": 0,
                        "num_partial_branches": 0,
                        "covered_branches": 0,
                        "missing_branches": 0,
                        "percent_branches_covered": 100.0,
                        "percent_branches_covered_display": "100.0"
                    },
                    "missing_lines": [],
                    "excluded_lines": [],
                    "start_line": 27,
                    "executed_branches": [],
                    "missing_branches": []
                },
                "GitHubRecordRepository._path": {
                    "executed_lines": [
                        38,
                        39
                    ],
                    "summary": {
                        "covered_lines": 2,
                        "num_statements": 2,
                        "percent_covered": 100.0,
                        "percent_covered_display": "100.0",
                        "missing_lines": 0,
                        "excluded_lines": 0,
                        "percent_statements_covered": 100.0,
                        "percent_statements_covered_display": "100.0",
                        "num_branches": 0,
                        "num_partial_branches": 0,
                        "covered_branches": 0,
                        "missing_branches": 0,
                        "percent_branches_covered": 100.0,
                        "percent_branches_covered_display": "100.0"
                    },
                    "missing_lines": [],
                    "excluded_lines": [],
                    "start_line": 37,
                    "executed_branches": [],
                    "missing_branches": []
                },
                "GitHubRecordRepository.get": {
                    "executed_lines": [
                        42,
                        43,
                        45
                    ],
                    "summary": {
                        "covered_lines": 3,
                        "num_statements": 4,
                        "percent_covered": 66.66666666666667,
                        "percent_covered_display": "66.7",
                        "missing_lines": 1,
                        "excluded_lines": 0,
                        "percent_statements_covered": 75.0,
                        "percent_statements_covered_display": "75.0",
                        "num_branches": 2,
                        "num_partial_branches": 1,
                        "covered_branches": 1,
                        "missing_branches": 1,
                        "percent_branches_covered": 50.0,
                        "percent_branches_covered_display": "50.0"
                    },
                    "missing_lines": [
                        44
                    ],
                    "excluded_lines": [],
                    "start_line": 41,
                    "executed_branches": [
                        [
                            43,
                            45
                        ]
                    ],
                    "missing_branches": [
                        [
                            43,
                            44
                        ]
                    ]
                },
                "GitHubRecordRepository.save": {
                    "executed_lines": [
                        48,
                        49,
                        50,
                        51,
                        52,
                        57
                    ],
                    "summary": {
                        "covered_lines": 6,
                        "num_statements": 6,
                        "percent_covered": 100.0,
                        "percent_covered_display": "100.0",
                        "missing_lines": 0,
                        "excluded_lines": 0,
                        "percent_statements_covered": 100.0,
                        "percent_statements_covered_display": "100.0",
                        "num_branches": 2,
                        "num_partial_branches": 0,
                        "covered_branches": 2,
                        "missing_branches": 0,
                        "percent_branches_covered": 100.0,
                        "percent_branches_covered_display": "100.0"
                    },
                    "missing_lines": [],
                    "excluded_lines": [],
                    "start_line": 47,
                    "executed_branches": [
                        [
                            50,
                            51
                        ],
                        [
                            50,
                            52
                        ]
                    ],
                    "missing_branches": []
                },
                "GitHubRecordRepository.list": {
                    "executed_lines": [
                        60,
                        61,
                        62,
                        63,
                        65,
                        66,
                        67,
                        68
                    ],
                    "summary": {
                        "covered_lines": 8,
                        "num_statements": 9,
                        "percent_covered": 80.0,
                        "percent_covered_display": "80.0",
                        "missing_lines": 1,
                        "excluded_lines": 0,
                        "percent_statements_covered": 88.88888888888889,
                        "percent_statements_covered_display": "88.9",
                        "num_branches": 6,
                        "num_partial_branches": 2,
                        "covered_branches": 4,
                        "missing_branches": 2,
                        "percent_branches_covered": 66.66666666666667,
                        "percent_branches_covered_display": "66.7"
                    },
                    "missing_lines": [
                        64
                    ],
                    "excluded_lines": [],
                    "start_line": 59,
                    "executed_branches": [
                        [
                            62,
                            63
                        ],
                        [
                            62,
                            68
                        ],
                        [
                            63,
                            65
                        ],
                        [
                            66,
                            67
                        ]
                    ],
                    "missing_branches": [
                        [
                            63,
                            64
                        ],
                        [
                            66,
                            62
                        ]
                    ]
                },
                "GitHubEventRepository.__init__": {
                    "executed_lines": [
                        80,
                        81
                    ],
                    "summary": {
                        "covered_lines": 2,
                        "num_statements": 2,
                        "percent_covered": 100.0,
                        "percent_covered_display": "100.0",
                        "missing_lines": 0,
                        "excluded_lines": 0,
                        "percent_statements_covered": 100.0,
                        "percent_statements_covered_display": "100.0",
                        "num_branches": 0,
                        "num_partial_branches": 0,
                        "covered_branches": 0,
                        "missing_branches": 0,
                        "percent_branches_covered": 100.0,
                        "percent_branches_covered_display": "100.0"
                    },
                    "missing_lines": [],
                    "excluded_lines": [],
                    "start_line": 79,
                    "executed_branches": [],
                    "missing_branches": []
                },
                "GitHubEventRepository._path": {
                    "executed_lines": [
                        84,
                        85
                    ],
                    "summary": {
                        "covered_lines": 2,
                        "num_statements": 2,
                        "percent_covered": 100.0,
                        "percent_covered_display": "100.0",
                        "missing_lines": 0,
                        "excluded_lines": 0,
                        "percent_statements_covered": 100.0,
                        "percent_statements_covered_display": "100.0",
                        "num_branches": 0,
                        "num_partial_branches": 0,
                        "covered_branches": 0,
                        "missing_branches": 0,
                        "percent_branches_covered": 100.0,
                        "percent_branches_covered_display": "100.0"
                    },
                    "missing_lines": [],
                    "excluded_lines": [],
                    "start_line": 83,
                    "executed_branches": [],
                    "missing_branches": []
                },
                "GitHubEventRepository.append": {
                    "executed_lines": [
                        88,
                        89,
                        90,
                        91,
                        92,
                        93,
                        94,
                        95
                    ],
                    "summary": {
                        "covered_lines": 8,
                        "num_statements": 8,
                        "percent_covered": 100.0,
                        "percent_covered_display": "100.0",
                        "missing_lines": 0,
                        "excluded_lines": 0,
                        "percent_statements_covered": 100.0,
                        "percent_statements_covered_display": "100.0",
                        "num_branches": 4,
                        "num_partial_branches": 0,
                        "covered_branches": 4,
                        "missing_branches": 0,
                        "percent_branches_covered": 100.0,
                        "percent_branches_covered_display": "100.0"
                    },
                    "missing_lines": [],
                    "excluded_lines": [],
                    "start_line": 87,
                    "executed_branches": [
                        [
                            91,
                            92
                        ],
                        [
                            91,
                            93
                        ],
                        [
                            93,
                            94
                        ],
                        [
                            93,
                            95
                        ]
                    ],
                    "missing_branches": []
                },
                "GitHubEventRepository.list": {
                    "executed_lines": [
                        102,
                        103,
                        104,
                        106,
                        107,
                        108,
                        109
                    ],
                    "summary": {
                        "covered_lines": 7,
                        "num_statements": 8,
                        "percent_covered": 78.57142857142857,
                        "percent_covered_display": "78.6",
                        "missing_lines": 1,
                        "excluded_lines": 0,
                        "percent_statements_covered": 87.5,
                        "percent_statements_covered_display": "87.5",
                        "num_branches": 6,
                        "num_partial_branches": 2,
                        "covered_branches": 4,
                        "missing_branches": 2,
                        "percent_branches_covered": 66.66666666666667,
                        "percent_branches_covered_display": "66.7"
                    },
                    "missing_lines": [
                        105
                    ],
                    "excluded_lines": [],
                    "start_line": 101,
                    "executed_branches": [
                        [
                            103,
                            104
                        ],
                        [
                            103,
                            109
                        ],
                        [
                            104,
                            106
                        ],
                        [
                            107,
                            108
                        ]
                    ],
                    "missing_branches": [
                        [
                            104,
                            105
                        ],
                        [
                            107,
                            103
                        ]
                    ]
                },
                "": {
                    "executed_lines": [
                        3,
                        5,
                        7,
                        9,
                        12,
                        26,
                        27,
                        37,
                        41,
                        47,
                        59,
                        71,
                        79,
                        83,
                        87,
                        101
                    ],
                    "summary": {
                        "covered_lines": 16,
                        "num_statements": 16,
                        "percent_covered": 100.0,
                        "percent_covered_display": "100.0",
                        "missing_lines": 0,
                        "excluded_lines": 0,
                        "percent_statements_covered": 100.0,
                        "percent_statements_covered_display": "100.0",
                        "num_branches": 0,
                        "num_partial_branches": 0,
                        "covered_branches": 0,
                        "missing_branches": 0,
                        "percent_branches_covered": 100.0,
                        "percent_branches_covered_display": "100.0"
                    },
                    "missing_lines": [],
                    "excluded_lines": [],
                    "start_line": 1,
                    "executed_branches": [],
                    "missing_branches": []
                }
            },
            "classes": {
                "GitHubContentClient": {
                    "executed_lines": [
                        19,
                        21,
                        23
                    ],
                    "summary": {
                        "covered_lines": 3,
                        "num_statements": 3,
                        "percent_covered": 66.66666666666667,
                        "percent_covered_display": "66.7",
                        "missing_lines": 0,
                        "excluded_lines": 0,
                        "percent_statements_covered": 100.0,
                        "percent_statements_covered_display": "100.0",
                        "num_branches": 6,
                        "num_partial_branches": 3,
                        "covered_branches": 3,
                        "missing_branches": 3,
                        "percent_branches_covered": 50.0,
                        "percent_branches_covered_display": "50.0"
                    },
                    "missing_lines": [],
                    "excluded_lines": [],
                    "start_line": 12,
                    "executed_branches": [
                        [
                            19,
                            21
                        ],
                        [
                            21,
                            23
                        ],
                        [
                            23,
                            -12
                        ]
                    ],
                    "missing_branches": [
                        [
                            19,
                            -19
                        ],
                        [
                            21,
                            -21
                        ],
                        [
                            23,
                            -23
                        ]
                    ]
                },
                "GitHubRecordRepository": {
                    "executed_lines": [
                        33,
                        34,
                        35,
                        38,
                        39,
                        42,
                        43,
                        45,
                        48,
                        49,
                        50,
                        51,
                        52,
                        57,
                        60,
                        61,
                        62,
                        63,
                        65,
                        66,
                        67,
                        68
                    ],
                    "summary": {
                        "covered_lines": 22,
                        "num_statements": 24,
                        "percent_covered": 85.29411764705883,
                        "percent_covered_display": "85.3",
                        "missing_lines": 2,
                        "excluded_lines": 0,
                        "percent_statements_covered": 91.66666666666667,
                        "percent_statements_covered_display": "91.7",
                        "num_branches": 10,
                        "num_partial_branches": 3,
                        "covered_branches": 7,
                        "missing_branches": 3,
                        "percent_branches_covered": 70.0,
                        "percent_branches_covered_display": "70.0"
                    },
                    "missing_lines": [
                        44,
                        64
                    ],
                    "excluded_lines": [],
                    "start_line": 26,
                    "executed_branches": [
                        [
                            43,
                            45
                        ],
                        [
                            50,
                            51
                        ],
                        [
                            50,
                            52
                        ],
                        [
                            62,
                            63
                        ],
                        [
                            62,
                            68
                        ],
                        [
                            63,
                            65
                        ],
                        [
                            66,
                            67
                        ]
                    ],
                    "missing_branches": [
                        [
                            43,
                            44
                        ],
                        [
                            63,
                            64
                        ],
                        [
                            66,
                            62
                        ]
                    ]
                },
                "GitHubEventRepository": {
                    "executed_lines": [
                        80,
                        81,
                        84,
                        85,
                        88,
                        89,
                        90,
                        91,
                        92,
                        93,
                        94,
                        95,
                        102,
                        103,
                        104,
                        106,
                        107,
                        108,
                        109
                    ],
                    "summary": {
                        "covered_lines": 19,
                        "num_statements": 20,
                        "percent_covered": 90.0,
                        "percent_covered_display": "90.0",
                        "missing_lines": 1,
                        "excluded_lines": 0,
                        "percent_statements_covered": 95.0,
                        "percent_statements_covered_display": "95.0",
                        "num_branches": 10,
                        "num_partial_branches": 2,
                        "covered_branches": 8,
                        "missing_branches": 2,
                        "percent_branches_covered": 80.0,
                        "percent_branches_covered_display": "80.0"
                    },
                    "missing_lines": [
                        105
                    ],
                    "excluded_lines": [],
                    "start_line": 71,
                    "executed_branches": [
                        [
                            91,
                            92
                        ],
                        [
                            91,
                            93
                        ],
                        [
                            93,
                            94
                        ],
                        [
                            93,
                            95
                        ],
                        [
                            103,
                            104
                        ],
                        [
                            103,
                            109
                        ],
                        [
                            104,
                            106
                        ],
                        [
                            107,
                            108
                        ]
                    ],
                    "missing_branches": [
                        [
                            104,
                            105
                        ],
                        [
                            107,
                            103
                        ]
                    ]
                },
                "": {
                    "executed_lines": [
                        3,
                        5,
                        7,
                        9,
                        12,
                        26,
                        27,
                        37,
                        41,
                        47,
                        59,
                        71,
                        79,
                        83,
                        87,
                        101
                    ],
                    "summary": {
                        "covered_lines": 16,
                        "num_statements": 16,
                        "percent_covered": 100.0,
                        "percent_covered_display": "100.0",
                        "missing_lines": 0,
                        "excluded_lines": 0,
                        "percent_statements_covered": 100.0,
                        "percent_statements_covered_display": "100.0",
                        "num_branches": 0,
                        "num_partial_branches": 0,
                        "covered_branches": 0,
                        "missing_branches": 0,
                        "percent_branches_covered": 100.0,
                        "percent_branches_covered_display": "100.0"
                    },
                    "missing_lines": [],
                    "excluded_lines": [],
                    "start_line": 1,
                    "executed_branches": [],
                    "missing_branches": []
                }
            }
        },
        "src\\nks\\adapters\\github_client.py": {
            "executed_lines": [
                7,
                9,
                10,
                13,
                17,
                18,
                21,
                22,
                25,
                26,
                29,
                30,
                33,
                34,
                35,
                36,
                37,
                40,
                41,
                43,
                45,
                53,
                56,
                64,
                65,
                66,
                68,
                69,
                70,
                71,
                72,
                75,
                78,
                79,
                81,
                82,
                83,
                84,
                85,
                86,
                87,
                88,
                89,
                93,
                99,
                100,
                101,
                109,
                110,
                111,
                112,
                114,
                115
            ],
            "summary": {
                "covered_lines": 53,
                "num_statements": 66,
                "percent_covered": 76.25,
                "percent_covered_display": "76.2",
                "missing_lines": 13,
                "excluded_lines": 0,
                "percent_statements_covered": 80.3030303030303,
                "percent_statements_covered_display": "80.3",
                "num_branches": 14,
                "num_partial_branches": 6,
                "covered_branches": 8,
                "missing_branches": 6,
                "percent_branches_covered": 57.142857142857146,
                "percent_branches_covered_display": "57.1"
            },
            "missing_lines": [
                73,
                74,
                76,
                77,
                90,
                91,
                102,
                103,
                104,
                105,
                106,
                107,
                113
            ],
            "excluded_lines": [],
            "executed_branches": [
                [
                    41,
                    43
                ],
                [
                    43,
                    45
                ],
                [
                    45,
                    53
                ],
                [
                    53,
                    -40
                ],
                [
                    75,
                    78
                ],
                [
                    84,
                    85
                ],
                [
                    84,
                    93
                ],
                [
                    86,
                    87
                ]
            ],
            "missing_branches": [
                [
                    41,
                    -41
                ],
                [
                    43,
                    -43
                ],
                [
                    45,
                    -45
                ],
                [
                    53,
                    -53
                ],
                [
                    75,
                    76
                ],
                [
                    86,
                    90
                ]
            ],
            "functions": {
                "GitHubContentsTransport.get": {
                    "executed_lines": [
                        41
                    ],
                    "summary": {
                        "covered_lines": 1,
                        "num_statements": 1,
                        "percent_covered": 66.66666666666667,
                        "percent_covered_display": "66.7",
                        "missing_lines": 0,
                        "excluded_lines": 0,
                        "percent_statements_covered": 100.0,
                        "percent_statements_covered_display": "100.0",
                        "num_branches": 2,
                        "num_partial_branches": 1,
                        "covered_branches": 1,
                        "missing_branches": 1,
                        "percent_branches_covered": 50.0,
                        "percent_branches_covered_display": "50.0"
                    },
                    "missing_lines": [],
                    "excluded_lines": [],
                    "start_line": 41,
                    "executed_branches": [
                        [
                            41,
                            43
                        ]
                    ],
                    "missing_branches": [
                        [
                            41,
                            -41
                        ]
                    ]
                },
                "GitHubContentsTransport.create": {
                    "executed_lines": [
                        43
                    ],
                    "summary": {
                        "covered_lines": 1,
                        "num_statements": 1,
                        "percent_covered": 66.66666666666667,
                        "percent_covered_display": "66.7",
                        "missing_lines": 0,
                        "excluded_lines": 0,
                        "percent_statements_covered": 100.0,
                        "percent_statements_covered_display": "100.0",
                        "num_branches": 2,
                        "num_partial_branches": 1,
                        "covered_branches": 1,
                        "missing_branches": 1,
                        "percent_branches_covered": 50.0,
                        "percent_branches_covered_display": "50.0"
                    },
                    "missing_lines": [],
                    "excluded_lines": [],
                    "start_line": 43,
                    "executed_branches": [
                        [
                            43,
                            45
                        ]
                    ],
                    "missing_branches": [
                        [
                            43,
                            -43
                        ]
                    ]
                },
                "GitHubContentsTransport.update": {
                    "executed_lines": [],
                    "summary": {
                        "covered_lines": 0,
                        "num_statements": 0,
                        "percent_covered": 100.0,
                        "percent_covered_display": "100.0",
                        "missing_lines": 0,
                        "excluded_lines": 0,
                        "percent_statements_covered": 100.0,
                        "percent_statements_covered_display": "100.0",
                        "num_branches": 0,
                        "num_partial_branches": 0,
                        "covered_branches": 0,
                        "missing_branches": 0,
                        "percent_branches_covered": 100.0,
                        "percent_branches_covered_display": "100.0"
                    },
                    "missing_lines": [],
                    "excluded_lines": [],
                    "start_line": 45,
                    "executed_branches": [],
                    "missing_branches": []
                },
                "GitHubContentsTransport.list": {
                    "executed_lines": [
                        53
                    ],
                    "summary": {
                        "covered_lines": 1,
                        "num_statements": 1,
                        "percent_covered": 66.66666666666667,
                        "percent_covered_display": "66.7",
                        "missing_lines": 0,
                        "excluded_lines": 0,
                        "percent_statements_covered": 100.0,
                        "percent_statements_covered_display": "100.0",
                        "num_branches": 2,
                        "num_partial_branches": 1,
                        "covered_branches": 1,
                        "missing_branches": 1,
                        "percent_branches_covered": 50.0,
                        "percent_branches_covered_display": "50.0"
                    },
                    "missing_lines": [],
                    "excluded_lines": [],
                    "start_line": 53,
                    "executed_branches": [
                        [
                            53,
                            -40
                        ]
                    ],
                    "missing_branches": [
                        [
                            53,
                            -53
                        ]
                    ]
                },
                "GitHubContentsClient.__init__": {
                    "executed_lines": [
                        65,
                        66
                    ],
                    "summary": {
                        "covered_lines": 2,
                        "num_statements": 2,
                        "percent_covered": 100.0,
                        "percent_covered_display": "100.0",
                        "missing_lines": 0,
                        "excluded_lines": 0,
                        "percent_statements_covered": 100.0,
                        "percent_statements_covered_display": "100.0",
                        "num_branches": 0,
                        "num_partial_branches": 0,
                        "covered_branches": 0,
                        "missing_branches": 0,
                        "percent_branches_covered": 100.0,
                        "percent_branches_covered_display": "100.0"
                    },
                    "missing_lines": [],
                    "excluded_lines": [],
                    "start_line": 64,
                    "executed_branches": [],
                    "missing_branches": []
                },
                "GitHubContentsClient.read_text": {
                    "executed_lines": [
                        69,
                        70,
                        71,
                        72,
                        75,
                        78,
                        79
                    ],
                    "summary": {
                        "covered_lines": 7,
                        "num_statements": 11,
                        "percent_covered": 61.53846153846154,
                        "percent_covered_display": "61.5",
                        "missing_lines": 4,
                        "excluded_lines": 0,
                        "percent_statements_covered": 63.63636363636363,
                        "percent_statements_covered_display": "63.6",
                        "num_branches": 2,
                        "num_partial_branches": 1,
                        "covered_branches": 1,
                        "missing_branches": 1,
                        "percent_branches_covered": 50.0,
                        "percent_branches_covered_display": "50.0"
                    },
                    "missing_lines": [
                        73,
                        74,
                        76,
                        77
                    ],
                    "excluded_lines": [],
                    "start_line": 68,
                    "executed_branches": [
                        [
                            75,
                            78
                        ]
                    ],
                    "missing_branches": [
                        [
                            75,
                            76
                        ]
                    ]
                },
                "GitHubContentsClient.write_text": {
                    "executed_lines": [
                        82,
                        83,
                        84,
                        85,
                        86,
                        87,
                        88,
                        89,
                        93,
                        99,
                        100,
                        101
                    ],
                    "summary": {
                        "covered_lines": 12,
                        "num_statements": 20,
                        "percent_covered": 62.5,
                        "percent_covered_display": "62.5",
                        "missing_lines": 8,
                        "excluded_lines": 0,
                        "percent_statements_covered": 60.0,
                        "percent_statements_covered_display": "60.0",
                        "num_branches": 4,
                        "num_partial_branches": 1,
                        "covered_branches": 3,
                        "missing_branches": 1,
                        "percent_branches_covered": 75.0,
                        "percent_branches_covered_display": "75.0"
                    },
                    "missing_lines": [
                        90,
                        91,
                        102,
                        103,
                        104,
                        105,
                        106,
                        107
                    ],
                    "excluded_lines": [],
                    "start_line": 81,
                    "executed_branches": [
                        [
                            84,
                            85
                        ],
                        [
                            84,
                            93
                        ],
                        [
                            86,
                            87
                        ]
                    ],
                    "missing_branches": [
                        [
                            86,
                            90
                        ]
                    ]
                },
                "GitHubContentsClient.list_paths": {
                    "executed_lines": [
                        110,
                        111,
                        112,
                        114,
                        115
                    ],
                    "summary": {
                        "covered_lines": 5,
                        "num_statements": 6,
                        "percent_covered": 83.33333333333333,
                        "percent_covered_display": "83.3",
                        "missing_lines": 1,
                        "excluded_lines": 0,
                        "percent_statements_covered": 83.33333333333333,
                        "percent_statements_covered_display": "83.3",
                        "num_branches": 0,
                        "num_partial_branches": 0,
                        "covered_branches": 0,
                        "missing_branches": 0,
                        "percent_branches_covered": 100.0,
                        "percent_branches_covered_display": "100.0"
                    },
                    "missing_lines": [
                        113
                    ],
                    "excluded_lines": [],
                    "start_line": 109,
                    "executed_branches": [],
                    "missing_branches": []
                },
                "": {
                    "executed_lines": [
                        7,
                        9,
                        10,
                        13,
                        17,
                        18,
                        21,
                        22,
                        25,
                        26,
                        29,
                        30,
                        33,
                        34,
                        35,
                        36,
                        37,
                        40,
                        45,
                        56,
                        64,
                        68,
                        81,
                        109
                    ],
                    "summary": {
                        "covered_lines": 24,
                        "num_statements": 24,
                        "percent_covered": 96.15384615384616,
                        "percent_covered_display": "96.2",
                        "missing_lines": 0,
                        "excluded_lines": 0,
                        "percent_statements_covered": 100.0,
                        "percent_statements_covered_display": "100.0",
                        "num_branches": 2,
                        "num_partial_branches": 1,
                        "covered_branches": 1,
                        "missing_branches": 1,
                        "percent_branches_covered": 50.0,
                        "percent_branches_covered_display": "50.0"
                    },
                    "missing_lines": [],
                    "excluded_lines": [],
                    "start_line": 1,
                    "executed_branches": [
                        [
                            45,
                            53
                        ]
                    ],
                    "missing_branches": [
                        [
                            45,
                            -45
                        ]
                    ]
                }
            },
            "classes": {
                "GitHubPersistenceError": {
                    "executed_lines": [],
                    "summary": {
                        "covered_lines": 0,
                        "num_statements": 0,
                        "percent_covered": 100.0,
                        "percent_covered_display": "100.0",
                        "missing_lines": 0,
                        "excluded_lines": 0,
                        "percent_statements_covered": 100.0,
                        "percent_statements_covered_display": "100.0",
                        "num_branches": 0,
                        "num_partial_branches": 0,
                        "covered_branches": 0,
                        "missing_branches": 0,
                        "percent_branches_covered": 100.0,
                        "percent_branches_covered_display": "100.0"
                    },
                    "missing_lines": [],
                    "excluded_lines": [],
                    "start_line": 13,
                    "executed_branches": [],
                    "missing_branches": []
                },
                "GitHubNotFoundError": {
                    "executed_lines": [],
                    "summary": {
                        "covered_lines": 0,
                        "num_statements": 0,
                        "percent_covered": 100.0,
                        "percent_covered_display": "100.0",
                        "missing_lines": 0,
                        "excluded_lines": 0,
                        "percent_statements_covered": 100.0,
                        "percent_statements_covered_display": "100.0",
                        "num_branches": 0,
                        "num_partial_branches": 0,
                        "covered_branches": 0,
                        "missing_branches": 0,
                        "percent_branches_covered": 100.0,
                        "percent_branches_covered_display": "100.0"
                    },
                    "missing_lines": [],
                    "excluded_lines": [],
                    "start_line": 17,
                    "executed_branches": [],
                    "missing_branches": []
                },
                "GitHubConflictError": {
                    "executed_lines": [],
                    "summary": {
                        "covered_lines": 0,
                        "num_statements": 0,
                        "percent_covered": 100.0,
                        "percent_covered_display": "100.0",
                        "missing_lines": 0,
                        "excluded_lines": 0,
                        "percent_statements_covered": 100.0,
                        "percent_statements_covered_display": "100.0",
                        "num_branches": 0,
                        "num_partial_branches": 0,
                        "covered_branches": 0,
                        "missing_branches": 0,
                        "percent_branches_covered": 100.0,
                        "percent_branches_covered_display": "100.0"
                    },
                    "missing_lines": [],
                    "excluded_lines": [],
                    "start_line": 21,
                    "executed_branches": [],
                    "missing_branches": []
                },
                "GitHubPermissionError": {
                    "executed_lines": [],
                    "summary": {
                        "covered_lines": 0,
                        "num_statements": 0,
                        "percent_covered": 100.0,
                        "percent_covered_display": "100.0",
                        "missing_lines": 0,
                        "excluded_lines": 0,
                        "percent_statements_covered": 100.0,
                        "percent_statements_covered_display": "100.0",
                        "num_branches": 0,
                        "num_partial_branches": 0,
                        "covered_branches": 0,
                        "missing_branches": 0,
                        "percent_branches_covered": 100.0,
                        "percent_branches_covered_display": "100.0"
                    },
                    "missing_lines": [],
                    "excluded_lines": [],
                    "start_line": 25,
                    "executed_branches": [],
                    "missing_branches": []
                },
                "GitHubRetryableError": {
                    "executed_lines": [],
                    "summary": {
                        "covered_lines": 0,
                        "num_statements": 0,
                        "percent_covered": 100.0,
[...]
                    "executed_lines": [
                        241,
                        242,
                        264,
                        267,
                        268,
                        269,
                        272,
                        273,
                        274,
                        275,
                        276,
                        277
                    ],
                    "summary": {
                        "covered_lines": 12,
                        "num_statements": 14,
                        "percent_covered": 80.0,
                        "percent_covered_display": "80.0",
                        "missing_lines": 2,
                        "excluded_lines": 0,
                        "percent_statements_covered": 85.71428571428571,
                        "percent_statements_covered_display": "85.7",
                        "num_branches": 6,
                        "num_partial_branches": 2,
                        "covered_branches": 4,
                        "missing_branches": 2,
                        "percent_branches_covered": 66.66666666666667,
                        "percent_branches_covered_display": "66.7"
                    },
                    "missing_lines": [
                        265,
                        270
                    ],
                    "excluded_lines": [],
                    "start_line": 240,
                    "executed_branches": [
                        [
                            264,
                            267
                        ],
                        [
                            269,
                            272
                        ],
                        [
                            274,
                            275
                        ],
                        [
                            274,
                            276
                        ]
                    ],
                    "missing_branches": [
                        [
                            264,
                            265
                        ],
                        [
                            269,
                            270
                        ]
                    ]
                },
                "render_publication_package_index": {
                    "executed_lines": [
                        281,
                        282,
                        283,
                        288,
                        296,
                        306,
                        307
                    ],
                    "summary": {
                        "covered_lines": 7,
                        "num_statements": 9,
                        "percent_covered": 69.23076923076923,
                        "percent_covered_display": "69.2",
                        "missing_lines": 2,
                        "excluded_lines": 0,
                        "percent_statements_covered": 77.77777777777777,
                        "percent_statements_covered_display": "77.8",
                        "num_branches": 4,
                        "num_partial_branches": 2,
                        "covered_branches": 2,
                        "missing_branches": 2,
                        "percent_branches_covered": 50.0,
                        "percent_branches_covered_display": "50.0"
                    },
                    "missing_lines": [
                        284,
                        297
                    ],
                    "excluded_lines": [],
                    "start_line": 280,
                    "executed_branches": [
                        [
                            283,
                            288
                        ],
                        [
                            296,
                            306
                        ]
                    ],
                    "missing_branches": [
                        [
                            283,
                            284
                        ],
                        [
                            296,
                            297
                        ]
                    ]
                },
                "render_capability_summary": {
                    "executed_lines": [
                        311,
                        312,
                        313,
                        323,
                        324,
                        329,
                        330
                    ],
                    "summary": {
                        "covered_lines": 7,
                        "num_statements": 7,
                        "percent_covered": 100.0,
                        "percent_covered_display": "100.0",
                        "missing_lines": 0,
                        "excluded_lines": 0,
                        "percent_statements_covered": 100.0,
                        "percent_statements_covered_display": "100.0",
                        "num_branches": 2,
                        "num_partial_branches": 0,
                        "covered_branches": 2,
                        "missing_branches": 0,
                        "percent_branches_covered": 100.0,
                        "percent_branches_covered_display": "100.0"
                    },
                    "missing_lines": [],
                    "excluded_lines": [],
                    "start_line": 310,
                    "executed_branches": [
                        [
                            323,
                            324
                        ],
                        [
                            323,
                            329
                        ]
                    ],
                    "missing_branches": []
                },
                "write_generated_views": {
                    "executed_lines": [
                        334,
                        335,
                        336,
                        338,
                        354,
                        355,
                        356
                    ],
                    "summary": {
                        "covered_lines": 7,
                        "num_statements": 7,
                        "percent_covered": 100.0,
                        "percent_covered_display": "100.0",
                        "missing_lines": 0,
                        "excluded_lines": 0,
                        "percent_statements_covered": 100.0,
                        "percent_statements_covered_display": "100.0",
                        "num_branches": 2,
                        "num_partial_branches": 0,
                        "covered_branches": 2,
                        "missing_branches": 0,
                        "percent_branches_covered": 100.0,
                        "percent_branches_covered_display": "100.0"
                    },
                    "missing_lines": [],
                    "excluded_lines": [],
                    "start_line": 333,
                    "executed_branches": [
                        [
                            354,
                            355
                        ],
                        [
                            354,
                            356
                        ]
                    ],
                    "missing_branches": []
                },
                "": {
                    "executed_lines": [
                        3,
                        5,
                        6,
                        7,
                        9,
                        10,
                        11,
                        12,
                        13,
                        16,
                        26,
                        45,
                        65,
                        86,
                        106,
                        128,
                        148,
                        174,
                        240,
                        280,
                        310,
                        333
                    ],
                    "summary": {
                        "covered_lines": 22,
                        "num_statements": 22,
                        "percent_covered": 100.0,
                        "percent_covered_display": "100.0",
                        "missing_lines": 0,
                        "excluded_lines": 0,
                        "percent_statements_covered": 100.0,
                        "percent_statements_covered_display": "100.0",
                        "num_branches": 0,
                        "num_partial_branches": 0,
                        "covered_branches": 0,
                        "missing_branches": 0,
                        "percent_branches_covered": 100.0,
                        "percent_branches_covered_display": "100.0"
                    },
                    "missing_lines": [],
                    "excluded_lines": [],
                    "start_line": 1,
                    "executed_branches": [],
                    "missing_branches": []
                }
            },
            "classes": {
                "": {
                    "executed_lines": [
                        3,
                        5,
                        6,
                        7,
                        9,
                        10,
                        11,
                        12,
                        13,
                        16,
                        17,
                        18,
                        19,
                        20,
                        26,
                        27,
                        28,
                        36,
                        37,
                        41,
                        42,
                        45,
                        46,
                        47,
                        55,
                        56,
                        61,
                        62,
                        65,
                        66,
                        67,
                        75,
                        76,
                        82,
                        83,
                        86,
                        87,
                        88,
                        96,
                        102,
                        103,
                        106,
                        107,
                        108,
                        116,
                        124,
                        125,
                        128,
                        129,
                        130,
                        138,
                        144,
                        145,
                        148,
                        149,
                        150,
                        163,
                        164,
                        165,
                        166,
                        167,
                        168,
                        169,
                        170,
                        171,
                        174,
                        175,
                        176,
                        186,
                        187,
                        188,
                        202,
                        203,
                        204,
                        211,
                        213,
                        220,
                        221,
                        222,
                        227,
                        228,
                        231,
                        232,
                        233,
                        235,
                        236,
                        237,
                        240,
                        241,
                        242,
                        264,
                        267,
                        268,
                        269,
                        272,
                        273,
                        274,
                        275,
                        276,
                        277,
                        280,
                        281,
                        282,
                        283,
                        288,
                        296,
                        306,
                        307,
                        310,
                        311,
                        312,
                        313,
                        323,
                        324,
                        329,
                        330,
                        333,
                        334,
                        335,
                        336,
                        338,
                        354,
                        355,
                        356
                    ],
                    "summary": {
                        "covered_lines": 124,
                        "num_statements": 133,
                        "percent_covered": 89.83050847457628,
                        "percent_covered_display": "89.8",
                        "missing_lines": 9,
                        "excluded_lines": 0,
                        "percent_statements_covered": 93.23308270676692,
                        "percent_statements_covered_display": "93.2",
                        "num_branches": 44,
                        "num_partial_branches": 9,
                        "covered_branches": 35,
                        "missing_branches": 9,
                        "percent_branches_covered": 79.54545454545455,
                        "percent_branches_covered_display": "79.5"
                    },
                    "missing_lines": [
                        97,
                        117,
                        139,
                        212,
                        230,
                        265,
                        270,
                        284,
                        297
                    ],
                    "excluded_lines": [],
                    "start_line": 1,
                    "executed_branches": [
                        [
                            18,
                            19
                        ],
                        [
                            18,
                            20
                        ],
                        [
                            36,
                            37
                        ],
                        [
                            36,
                            41
                        ],
                        [
                            55,
                            56
                        ],
                        [
                            55,
                            61
                        ],
                        [
                            75,
                            76
                        ],
                        [
                            75,
                            82
                        ],
                        [
                            96,
                            102
                        ],
                        [
                            116,
                            124
                        ],
                        [
                            138,
                            144
                        ],
                        [
                            163,
                            164
                        ],
                        [
                            163,
                            167
                        ],
                        [
                            168,
                            169
                        ],
                        [
                            168,
                            170
                        ],
                        [
                            186,
                            187
                        ],
                        [
                            186,
                            188
                        ],
                        [
                            202,
                            203
                        ],
                        [
                            202,
                            204
                        ],
                        [
                            211,
                            213
                        ],
                        [
                            220,
                            221
                        ],
                        [
                            220,
                            222
                        ],
                        [
                            227,
                            228
                        ],
                        [
                            232,
                            233
                        ],
                        [
                            232,
                            235
                        ],
                        [
                            264,
                            267
                        ],
                        [
                            269,
                            272
                        ],
                        [
                            274,
                            275
                        ],
                        [
                            274,
                            276
                        ],
                        [
                            283,
                            288
                        ],
                        [
                            296,
                            306
                        ],
                        [
                            323,
                            324
                        ],
                        [
                            323,
                            329
                        ],
                        [
                            354,
                            355
                        ],
                        [
                            354,
                            356
                        ]
                    ],
                    "missing_branches": [
                        [
                            96,
                            97
                        ],
                        [
                            116,
                            117
                        ],
                        [
                            138,
                            139
                        ],
                        [
                            211,
                            212
                        ],
                        [
                            227,
                            230
                        ],
                        [
                            264,
                            265
                        ],
                        [
                            269,
                            270
                        ],
                        [
                            283,
                            284
                        ],
                        [
                            296,
                            297
                        ]
                    ]
                }
            }
        }
    },
    "totals": {
        "covered_lines": 1092,
        "num_statements": 1182,
        "percent_covered": 88.76860622462787,
        "percent_covered_display": "88.8",
        "missing_lines": 90,
        "excluded_lines": 2,
        "percent_statements_covered": 92.38578680203045,
        "percent_statements_covered_display": "92.4",
        "num_branches": 296,
        "num_partial_branches": 66,
        "covered_branches": 220,
        "missing_branches": 76,
        "percent_branches_covered": 74.32432432432432,
        "percent_branches_covered_display": "74.3"
    }
}